info: 26-Jun-2023 10:36:48: 	Server started in port: 3000
info: 26-Jun-2023 10:38:26: 	Server started in port: 3000
info: 26-Jun-2023 10:39:17: 	Server started in port: 3000
info: 26-Jun-2023 10:39:59: 	Server started in port: 3000
info: 26-Jun-2023 10:54:48: 	Server started in port: 3000
info: 26-Jun-2023 11:01:38: 	Server started in port: 3000
info: 26-Jun-2023 11:02:04: 	Server started in port: 3000
info: 26-Jun-2023 11:03:35: 	Server started in port: 3000
info: 26-Jun-2023 11:04:40: 	Server started in port: 3000
info: 26-Jun-2023 11:06:27: 	Server started in port: 3000
info: 26-Jun-2023 11:06:45: 	Server started in port: 3000
info: 26-Jun-2023 11:09:32: 	Server started in port: 3000
info: 26-Jun-2023 11:11:53: 	Server started in port: 3000
info: 26-Jun-2023 11:12:16: 	Server started in port: 3000
info: 26-Jun-2023 11:12:34: 	Server started in port: 3000
warn: 26-Jun-2023 11:12:53: 	Restaurant name too small
info: 26-Jun-2023 11:13:26: 	Server started in port: 3000
info: 26-Jun-2023 11:13:48: 	Server started in port: 3000
warn: 26-Jun-2023 11:13:49: 	Restaurant name too small
info: 01-Jul-2023 15:11:26: 	Server started in port: 3000
info: 01-Jul-2023 15:19:58: 	Server started in port: 3000
info: 01-Jul-2023 15:20:24: 	Server started in port: 3000
info: 01-Jul-2023 15:20:49: 	Server started in port: 3000
info: 01-Jul-2023 15:21:17: 	Server started in port: 3000
info: 01-Jul-2023 15:21:53: 	Server started in port: 3000
info: 01-Jul-2023 15:23:19: 	Server started in port: 3000
info: 01-Jul-2023 15:26:56: 	Server started in port: 3000
info: 01-Jul-2023 15:27:37: 	Server started in port: 3000
info: 01-Jul-2023 15:36:23: 	Server started in port: 3000
info: 01-Jul-2023 15:36:59: 	Server started in port: 3000
info: 01-Jul-2023 15:37:53: 	Server started in port: 3000
info: 01-Jul-2023 23:59:28: 	Server started in port: 3000
info: 01-Jul-2023 23:59:39: 	Server started in port: 3000
info: 02-Jul-2023 00:22:58: 	Server started in port: 3000
info: 02-Jul-2023 21:02:50: 	Server started in port: 3000
info: 02-Jul-2023 21:03:37: 	Server started in port: 3000
info: 02-Jul-2023 21:04:11: 	Server started in port: 3000
info: 02-Jul-2023 21:04:30: 	Server started in port: 3000
info: 02-Jul-2023 21:10:48: 	Server started in port: 3000
info: 02-Jul-2023 21:11:07: 	Server started in port: 3000
info: 02-Jul-2023 21:11:50: 	Server started in port: 3000
info: 02-Jul-2023 21:12:45: 	Server started in port: 3000
info: 02-Jul-2023 21:14:23: 	Server started in port: 3000
info: 02-Jul-2023 21:14:54: 	Server started in port: 3000
info: 02-Jul-2023 21:15:22: 	Server started in port: 3000
info: 02-Jul-2023 21:15:36: 	Server started in port: 3000
info: 02-Jul-2023 21:16:48: 	Server started in port: 3000
info: 02-Jul-2023 21:17:51: 	Server started in port: 3000
info: 02-Jul-2023 21:18:27: 	Server started in port: 3000
info: 02-Jul-2023 21:19:14: 	Server started in port: 3000
info: 02-Jul-2023 21:19:41: 	Server started in port: 3000
info: 02-Jul-2023 21:21:12: 	Server started in port: 3000
info: 02-Jul-2023 21:22:56: 	Server started in port: 3000
info: 02-Jul-2023 21:23:28: 	Server started in port: 3000
info: 02-Jul-2023 21:23:51: 	Server started in port: 3000
info: 02-Jul-2023 21:32:07: 	Server started in port: 3000
info: 02-Jul-2023 21:32:32: 	Server started in port: 3000
info: 02-Jul-2023 21:32:44: 	Server started in port: 3000
info: 02-Jul-2023 21:34:11: 	Server started in port: 3000
info: 02-Jul-2023 21:37:13: 	Server started in port: 3000
info: 02-Jul-2023 21:37:38: 	Server started in port: 3000
info: 02-Jul-2023 21:37:59: 	Server started in port: 3000
info: 02-Jul-2023 21:39:05: 	Server started in port: 3000
info: 02-Jul-2023 21:40:19: 	Server started in port: 3000
info: 02-Jul-2023 21:49:32: 	Server started in port: 3000
info: 02-Jul-2023 21:51:31: 	Server started in port: 3000
info: 02-Jul-2023 21:52:16: 	Server started in port: 3000
info: 02-Jul-2023 21:52:45: 	Server started in port: 3000
info: 02-Jul-2023 22:05:27: 	Server started in port: 3000
info: 02-Jul-2023 22:09:02: 	Server started in port: 3000
info: 02-Jul-2023 22:09:11: 	Server started in port: 3000
warn: 02-Jul-2023 22:09:14: 	Restaurant name too small
info: 02-Jul-2023 22:17:49: 	Server started in port: 3000
info: 02-Jul-2023 22:18:18: 	Server started in port: 3000
info: 02-Jul-2023 22:18:41: 	Server started in port: 3000
info: 02-Jul-2023 22:19:15: 	Server started in port: 3000
info: 02-Jul-2023 22:19:38: 	Server started in port: 3000
info: 02-Jul-2023 22:19:45: 	Server started in port: 3000
info: 02-Jul-2023 22:20:26: 	Server started in port: 3000
info: 02-Jul-2023 22:21:12: 	Server started in port: 3000
info: 02-Jul-2023 22:21:32: 	Server started in port: 3000
info: 02-Jul-2023 22:21:46: 	Server started in port: 3000
info: 02-Jul-2023 22:22:25: 	Server started in port: 3000
info: 02-Jul-2023 22:24:18: 	Server started in port: 3000
info: 02-Jul-2023 22:26:08: 	Server started in port: 3000
info: 02-Jul-2023 22:28:54: 	Server started in port: 3000
info: 02-Jul-2023 22:29:28: 	Server started in port: 3000
info: 02-Jul-2023 22:29:36: 	Server started in port: 3000
info: 02-Jul-2023 22:29:55: 	Server started in port: 3000
info: 02-Jul-2023 22:30:17: 	Server started in port: 3000
info: 02-Jul-2023 22:32:02: 	Server started in port: 3000
info: 02-Jul-2023 22:32:21: 	Server started in port: 3000
info: 02-Jul-2023 22:32:57: 	Server started in port: 3000
error: 02-Jul-2023 22:33:12: 	Login sessions require session support. Did you forget to use `express-session` middleware?
info: 02-Jul-2023 22:33:57: 	Server started in port: 3000
info: 02-Jul-2023 22:35:59: 	Server started in port: 3000
info: 02-Jul-2023 22:36:07: 	Server started in port: 3000
info: 02-Jul-2023 22:36:53: 	Server started in port: 3000
info: 02-Jul-2023 22:37:26: 	Server started in port: 3000
info: 02-Jul-2023 22:38:33: 	Server started in port: 3000
info: 02-Jul-2023 22:39:01: 	Server started in port: 3000
info: 02-Jul-2023 22:39:08: 	Server started in port: 3000
info: 02-Jul-2023 22:39:17: 	Server started in port: 3000
info: 02-Jul-2023 22:39:49: 	Server started in port: 3000
info: 02-Jul-2023 22:41:44: 	Server started in port: 3000
info: 02-Jul-2023 22:42:08: 	Server started in port: 3000
info: 02-Jul-2023 22:42:17: 	Server started in port: 3000
info: 02-Jul-2023 22:42:23: 	Server started in port: 3000
info: 02-Jul-2023 22:43:03: 	Server started in port: 3000
info: 02-Jul-2023 22:43:14: 	Server started in port: 3000
info: 02-Jul-2023 22:43:35: 	Server started in port: 3000
info: 02-Jul-2023 22:43:56: 	Server started in port: 3000
error: 02-Jul-2023 22:44:10: 	Request had invalid authentication credentials. Expected OAuth 2 access token, login cookie or other valid authentication credential. See https://developers.google.com/identity/sign-in/web/devconsole-project.
error: 02-Jul-2023 22:44:35: 	Request had invalid authentication credentials. Expected OAuth 2 access token, login cookie or other valid authentication credential. See https://developers.google.com/identity/sign-in/web/devconsole-project.
info: 02-Jul-2023 22:45:08: 	Server started in port: 3000
error: 02-Jul-2023 22:45:11: 	Request had invalid authentication credentials. Expected OAuth 2 access token, login cookie or other valid authentication credential. See https://developers.google.com/identity/sign-in/web/devconsole-project.
info: 02-Jul-2023 22:45:44: 	Server started in port: 3000
error: 02-Jul-2023 22:45:47: 	Request had invalid authentication credentials. Expected OAuth 2 access token, login cookie or other valid authentication credential. See https://developers.google.com/identity/sign-in/web/devconsole-project.
info: 02-Jul-2023 22:48:00: 	Server started in port: 3000
info: 02-Jul-2023 22:48:15: 	Server started in port: 3000
info: 02-Jul-2023 22:48:19: 	E-mail gustavouliano11@gmail.com authenticated with google
info: 02-Jul-2023 22:48:31: 	Server started in port: 3000
info: 02-Jul-2023 22:48:33: 	E-mail gustavouliano11@gmail.com authenticated with google
error: 02-Jul-2023 22:48:59: 	Request had invalid authentication credentials. Expected OAuth 2 access token, login cookie or other valid authentication credential. See https://developers.google.com/identity/sign-in/web/devconsole-project.
info: 02-Jul-2023 22:49:06: 	E-mail gustavouliano11@gmail.com authenticated with google
info: 02-Jul-2023 22:49:09: 	E-mail gustavouliano11@gmail.com authenticated with google
info: 02-Jul-2023 22:50:19: 	Server started in port: 3000
info: 02-Jul-2023 22:50:26: 	Server started in port: 3000
info: 02-Jul-2023 22:50:29: 	E-mail gustavouliano11@gmail.com authenticated with google
info: 02-Jul-2023 22:50:55: 	E-mail gustavouliano11@gmail.com authenticated with google
info: 02-Jul-2023 22:51:17: 	Server started in port: 3000
info: 02-Jul-2023 22:51:21: 	E-mail gustavouliano11@gmail.com authenticated with google
info: 02-Jul-2023 22:52:02: 	Server started in port: 3000
info: 02-Jul-2023 22:52:11: 	Server started in port: 3000
info: 02-Jul-2023 22:52:14: 	E-mail gustavouliano11@gmail.com authenticated with google
info: 02-Jul-2023 22:52:18: 	E-mail gustavouliano11@gmail.com authenticated with google
info: 02-Jul-2023 22:52:58: 	E-mail gustavouliano11@gmail.com authenticated with google
info: 02-Jul-2023 22:53:16: 	Server started in port: 3000
info: 02-Jul-2023 22:54:26: 	Server started in port: 3000
info: 02-Jul-2023 22:54:40: 	Server started in port: 3000
info: 02-Jul-2023 22:54:42: 	E-mail gustavouliano11@gmail.com authenticated with google
error: 02-Jul-2023 22:55:00: 	Request had invalid authentication credentials. Expected OAuth 2 access token, login cookie or other valid authentication credential. See https://developers.google.com/identity/sign-in/web/devconsole-project.
error: 02-Jul-2023 22:55:08: 	Request had invalid authentication credentials. Expected OAuth 2 access token, login cookie or other valid authentication credential. See https://developers.google.com/identity/sign-in/web/devconsole-project.
error: 02-Jul-2023 22:55:50: 	Request had invalid authentication credentials. Expected OAuth 2 access token, login cookie or other valid authentication credential. See https://developers.google.com/identity/sign-in/web/devconsole-project.
info: 02-Jul-2023 22:56:16: 	E-mail gustavouliano11@gmail.com authenticated with google
error: 02-Jul-2023 22:56:21: 	Request had invalid authentication credentials. Expected OAuth 2 access token, login cookie or other valid authentication credential. See https://developers.google.com/identity/sign-in/web/devconsole-project.
info: 02-Jul-2023 22:56:52: 	Server started in port: 3000
info: 02-Jul-2023 22:57:36: 	Server started in port: 3000
info: 02-Jul-2023 22:58:05: 	Server started in port: 3000
info: 02-Jul-2023 22:59:13: 	Server started in port: 3000
info: 02-Jul-2023 22:59:53: 	Server started in port: 3000
info: 02-Jul-2023 23:00:02: 	Server started in port: 3000
info: 02-Jul-2023 23:00:20: 	Server started in port: 3000
info: 02-Jul-2023 23:00:29: 	Server started in port: 3000
info: 02-Jul-2023 23:01:33: 	Server started in port: 3000
info: 02-Jul-2023 23:02:20: 	Server started in port: 3000
info: 02-Jul-2023 23:03:25: 	Server started in port: 3000
info: 02-Jul-2023 23:03:43: 	Server started in port: 3000
info: 02-Jul-2023 23:04:34: 	Server started in port: 3000
info: 02-Jul-2023 23:05:12: 	Server started in port: 3000
info: 02-Jul-2023 23:05:44: 	Server started in port: 3000
info: 02-Jul-2023 23:05:49: 	Server started in port: 3000
error: 02-Jul-2023 23:05:51: 	Request had invalid authentication credentials. Expected OAuth 2 access token, login cookie or other valid authentication credential. See https://developers.google.com/identity/sign-in/web/devconsole-project.
info: 02-Jul-2023 23:07:30: 	E-mail gustavouliano11@gmail.com authenticated with google
info: 02-Jul-2023 23:08:34: 	Server started in port: 3000
info: 02-Jul-2023 23:08:59: 	Server started in port: 3000
info: 02-Jul-2023 23:09:06: 	Server started in port: 3000
info: 02-Jul-2023 23:11:55: 	Server started in port: 3000
info: 02-Jul-2023 23:12:09: 	Server started in port: 3000
info: 02-Jul-2023 23:12:13: 	E-mail gustavouliano11@gmail.com authenticated with google
info: 02-Jul-2023 23:12:43: 	Server started in port: 3000
info: 02-Jul-2023 23:13:05: 	Server started in port: 3000
info: 02-Jul-2023 23:13:25: 	Server started in port: 3000
info: 02-Jul-2023 23:14:02: 	Server started in port: 3000
info: 02-Jul-2023 23:14:37: 	Server started in port: 3000
info: 02-Jul-2023 23:15:20: 	Server started in port: 3000
error: 02-Jul-2023 23:15:26: 	Request had invalid authentication credentials. Expected OAuth 2 access token, login cookie or other valid authentication credential. See https://developers.google.com/identity/sign-in/web/devconsole-project.
info: 02-Jul-2023 23:15:37: 	Server started in port: 3000
info: 02-Jul-2023 23:46:45: 	Server started in port: 3000
info: 02-Jul-2023 23:46:50: 	Server started in port: 3000
info: 02-Jul-2023 23:46:59: 	Server started in port: 3000
info: 02-Jul-2023 23:47:37: 	Server started in port: 3000
info: 02-Jul-2023 23:47:49: 	Server started in port: 3000
info: 02-Jul-2023 23:49:05: 	Server started in port: 3000
info: 02-Jul-2023 23:49:30: 	Server started in port: 3000
info: 02-Jul-2023 23:49:41: 	Server started in port: 3000
info: 02-Jul-2023 23:49:58: 	Server started in port: 3000
info: 02-Jul-2023 23:51:01: 	Server started in port: 3000
info: 02-Jul-2023 23:51:11: 	Server started in port: 3000
info: 02-Jul-2023 23:51:57: 	Server started in port: 3000
info: 02-Jul-2023 23:52:25: 	Server started in port: 3000
info: 02-Jul-2023 23:52:31: 	Server started in port: 3000
info: 02-Jul-2023 23:52:53: 	Server started in port: 3000
info: 03-Jul-2023 13:56:04: 	Server started in port: 3000
warn: 03-Jul-2023 14:00:39: 	Invalid product input
info: 03-Jul-2023 14:02:28: 	Server started in port: 3000
warn: 03-Jul-2023 14:04:16: 	Restaurant id teste does not exist
warn: 03-Jul-2023 14:04:33: 	Restaurant id 0e87106b-8010-4786-85ae-0d91c3eb353b does not exist
warn: 03-Jul-2023 14:05:03: 	Restaurant id 0e87106b-8010-4786-85ae-0d91c3eb353b does not exist
info: 03-Jul-2023 14:06:11: 	Server started in port: 3000
warn: 03-Jul-2023 14:06:13: 	Restaurant id 0e87106b-8010-4786-85ae-0d91c3eb353b does not exist
info: 03-Jul-2023 14:06:23: 	Server started in port: 3000
info: 03-Jul-2023 14:06:34: 	Server started in port: 3000
info: 03-Jul-2023 14:06:54: 	Server started in port: 3000
info: 03-Jul-2023 14:07:41: 	Server started in port: 3000
info: 03-Jul-2023 14:09:27: 	Server started in port: 3000
info: 03-Jul-2023 14:09:32: 	Server started in port: 3000
info: 03-Jul-2023 14:10:06: 	Server started in port: 3000
info: 03-Jul-2023 14:10:15: 	Server started in port: 3000
info: 03-Jul-2023 14:11:55: 	Server started in port: 3000
info: 03-Jul-2023 14:12:57: 	Server started in port: 3000
info: 03-Jul-2023 14:29:32: 	Server started in port: 3000
error: 03-Jul-2023 14:30:27: 	Request had invalid authentication credentials. Expected OAuth 2 access token, login cookie or other valid authentication credential. See https://developers.google.com/identity/sign-in/web/devconsole-project.
info: 03-Jul-2023 14:31:43: 	E-mail gustavouliano11@gmail.com authenticated with google
info: 03-Jul-2023 14:31:55: 	E-mail gustavouliano11@gmail.com authenticated with google
info: 03-Jul-2023 14:32:43: 	E-mail gustavouliano11@gmail.com authenticated with google
info: 03-Jul-2023 14:37:46: 	E-mail gustavouliano11@gmail.com authenticated with google
error: 03-Jul-2023 14:37:46: 	Restaurant does not exists
info: 03-Jul-2023 15:35:02: 	Server started in port: 3000
info: 03-Jul-2023 15:42:12: 	Server started in port: 3000
info: 03-Jul-2023 15:43:44: 	Server started in port: 3000
info: 03-Jul-2023 15:45:23: 	Server started in port: 3000
info: 03-Jul-2023 15:47:59: 	Server started in port: 3000
info: 03-Jul-2023 15:48:54: 	Server started in port: 3000
info: 03-Jul-2023 15:49:21: 	Server started in port: 3000
info: 03-Jul-2023 15:51:51: 	E-mail gustavouliano11@gmail.com authenticated with google
info: 03-Jul-2023 15:58:05: 	E-mail gustavouliano11@gmail.com authenticated with google
info: 03-Jul-2023 16:00:16: 	Server started in port: 3000
info: 03-Jul-2023 16:01:29: 	E-mail gustavouliano11@gmail.com authenticated with google
info: 03-Jul-2023 16:02:03: 	Server started in port: 3000
error: 03-Jul-2023 16:02:05: 	ENOENT: no such file or directory, open 'C:\Users\gusta\Desktop\Projects\2023\goomer_challenge_restaurant\uploads\astronaut-finding-the-brightest-star-4k-3q-1366x768.jpg'
error: 03-Jul-2023 16:06:44: 	ENOENT: no such file or directory, open 'C:\Users\gusta\Desktop\Projects\2023\goomer_challenge_restaurant\uploads\fecf20cdba02364145ea6340b4b1a29b.jpg'
info: 03-Jul-2023 16:07:47: 	Server started in port: 3000
info: 03-Jul-2023 16:10:41: 	Server started in port: 3000
info: 03-Jul-2023 16:12:26: 	Server started in port: 3000
info: 03-Jul-2023 16:13:04: 	Server started in port: 3000
info: 03-Jul-2023 16:13:40: 	Server started in port: 3000
info: 03-Jul-2023 16:15:47: 	Server started in port: 3000
info: 03-Jul-2023 16:16:57: 	Server started in port: 3000
info: 03-Jul-2023 16:17:27: 	Server started in port: 3000
info: 03-Jul-2023 16:18:30: 	Server started in port: 3000
info: 03-Jul-2023 16:18:53: 	E-mail gustavouliano11@gmail.com authenticated with google
info: 03-Jul-2023 16:19:08: 	E-mail gustavouliano11@gmail.com authenticated with google
error: 03-Jul-2023 16:19:08: 	Restaurant does not exists
info: 03-Jul-2023 17:24:32: 	Server started in port: 3000
info: 03-Jul-2023 17:24:40: 	Server started in port: 3000
info: 03-Jul-2023 17:30:08: 	Server started in port: 3000
info: 03-Jul-2023 17:30:21: 	Server started in port: 3000
info: 03-Jul-2023 17:33:54: 	Server started in port: 3000
info: 03-Jul-2023 17:36:26: 	Server started in port: 3000
info: 03-Jul-2023 17:38:54: 	Server started in port: 3000
info: 03-Jul-2023 17:43:39: 	Server started in port: 3000
info: 03-Jul-2023 17:43:51: 	Server started in port: 3000
info: 03-Jul-2023 17:49:58: 	Server started in port: 3000
info: 03-Jul-2023 17:51:00: 	Server started in port: 3000
info: 03-Jul-2023 17:51:15: 	Server started in port: 3000
info: 03-Jul-2023 17:52:16: 	E-mail gustavouliano11@gmail.com authenticated with google
error: 03-Jul-2023 17:52:28: 	Request had invalid authentication credentials. Expected OAuth 2 access token, login cookie or other valid authentication credential. See https://developers.google.com/identity/sign-in/web/devconsole-project.
error: 03-Jul-2023 17:57:02: 	Request had invalid authentication credentials. Expected OAuth 2 access token, login cookie or other valid authentication credential. See https://developers.google.com/identity/sign-in/web/devconsole-project.
info: 03-Jul-2023 19:17:23: 	Server started on port 3000
info: 03-Jul-2023 19:22:20: 	Server started on port 3000
info: 03-Jul-2023 19:34:21: 	Server started on port 3000
info: 03-Jul-2023 19:34:58: 	Server started on port 3000
info: 03-Jul-2023 19:35:46: 	Server started on port 3000
info: 03-Jul-2023 19:36:05: 	Server started on port 3000
info: 03-Jul-2023 19:36:30: 	Server started on port 3000
info: 03-Jul-2023 19:41:48: 	Server started on port 3000
info: 03-Jul-2023 21:04:34: 	Server started on port 3000
error: 03-Jul-2023 22:49:32: 	Request had invalid authentication credentials. Expected OAuth 2 access token, login cookie or other valid authentication credential. See https://developers.google.com/identity/sign-in/web/devconsole-project.
error: 03-Jul-2023 22:49:50: 	Request had invalid authentication credentials. Expected OAuth 2 access token, login cookie or other valid authentication credential. See https://developers.google.com/identity/sign-in/web/devconsole-project.
error: 03-Jul-2023 22:50:05: 	Request had invalid authentication credentials. Expected OAuth 2 access token, login cookie or other valid authentication credential. See https://developers.google.com/identity/sign-in/web/devconsole-project.
info: 03-Jul-2023 22:50:15: 	E-mail gustavouliano11@gmail.com authenticated with google
